c:\users\shovington\desktop\windowsexample_getcartesianinfo\projects\vs_2013\debug\vc141.pdb
c:\users\shovington\desktop\windowsexample_getcartesianinfo\projects\vs_2013\debug\vc141.idb
c:\users\shovington\desktop\windowsexample_getcartesianinfo\projects\vs_2013\debug\detectmodel.obj
c:\users\shovington\desktop\windowsexample_getcartesianinfo\projects\vs_2013\debug\detectmodel.ilk
c:\users\shovington\desktop\windowsexample_getcartesianinfo\projects\vs_2013\debug\detectmodel.exe
c:\users\shovington\desktop\windowsexample_getcartesianinfo\projects\vs_2013\debug\detectmodel.pdb
c:\users\shovington\desktop\detectmodel\projects\vs_2013\debug\detectmodel.obj
c:\users\shovington\desktop\detectmodel\projects\vs_2013\debug\windowsexample_getcartesianinfo.obj
c:\users\shovington\desktop\detectmodel\projects\vs_2013\debug\detectmodel.ilk
c:\users\shovington\desktop\detectmodel\projects\vs_2013\debug\windowsexample_getcartesianinfo.ilk
c:\users\shovington\desktop\detectmodel\projects\vs_2013\debug\vc141.idb
c:\users\shovington\desktop\detectmodel\projects\vs_2013\debug\detectmodel.pdb
c:\users\shovington\desktop\detectmodel\projects\vs_2013\debug\vc141.pdb
c:\users\shovington\desktop\detectmodel\projects\vs_2013\debug\windowsexample_getcartesianinfo.pdb
c:\users\shovington\desktop\detectmodel\projects\vs_2013\debug\detectmodel.exe
c:\users\shovington\desktop\detectmodel\projects\vs_2013\debug\detectmodel.tlog\cl.command.1.tlog
c:\users\shovington\desktop\detectmodel\projects\vs_2013\debug\detectmodel.tlog\cl.read.1.tlog
c:\users\shovington\desktop\detectmodel\projects\vs_2013\debug\detectmodel.tlog\cl.write.1.tlog
c:\users\shovington\desktop\detectmodel\projects\vs_2013\debug\detectmodel.tlog\link.command.1.tlog
c:\users\shovington\desktop\detectmodel\projects\vs_2013\debug\detectmodel.tlog\link.read.1.tlog
c:\users\shovington\desktop\detectmodel\projects\vs_2013\debug\detectmodel.tlog\link.write.1.tlog
